<?xml version="1.0" encoding="UTF-8" ?>
<testsuite failures="0" time="0.927" errors="0" skipped="0" tests="2" name="com.ijqg.test.TestHibernateTool">
  <properties>
    <property name="java.runtime.name" value="Java(TM) SE Runtime Environment"/>
    <property name="sun.boot.library.path" value="C:\Program Files\Java\jdk1.6.0_24\jre\bin"/>
    <property name="java.vm.version" value="19.1-b02"/>
    <property name="java.vm.vendor" value="Sun Microsystems Inc."/>
    <property name="java.vendor.url" value="http://java.sun.com/"/>
    <property name="path.separator" value=";"/>
    <property name="java.vm.name" value="Java HotSpot(TM) Client VM"/>
    <property name="file.encoding.pkg" value="sun.io"/>
    <property name="user.country" value="CN"/>
    <property name="sun.java.launcher" value="SUN_STANDARD"/>
    <property name="sun.os.patch.level" value="Service Pack 1"/>
    <property name="java.vm.specification.name" value="Java Virtual Machine Specification"/>
    <property name="user.dir" value="C:\Users\idor\Documents\workspace\HibernateGenericDaoTools"/>
    <property name="java.runtime.version" value="1.6.0_24-b07"/>
    <property name="java.awt.graphicsenv" value="sun.awt.Win32GraphicsEnvironment"/>
    <property name="basedir" value="C:\Users\idor\Documents\workspace\HibernateGenericDaoTools"/>
    <property name="java.endorsed.dirs" value="C:\Program Files\Java\jdk1.6.0_24\jre\lib\endorsed"/>
    <property name="os.arch" value="x86"/>
    <property name="surefire.real.class.path" value="C:\Users\idor\AppData\Local\Temp\surefirebooter3480911430268913787.jar"/>
    <property name="java.io.tmpdir" value="C:\Users\idor\AppData\Local\Temp\"/>
    <property name="line.separator" value="
"/>
    <property name="java.vm.specification.vendor" value="Sun Microsystems Inc."/>
    <property name="user.variant" value=""/>
    <property name="os.name" value="Windows 7"/>
    <property name="sun.jnu.encoding" value="GBK"/>
    <property name="java.library.path" value="C:\Program Files\Java\jdk1.6.0_24\jre\bin;.;C:\Windows\Sun\Java\bin;C:\Windows\system32;C:\Windows;C:\Ruby192\bin;C:\Program Files\PC Connectivity Solution\;C:\Perl\bin\;C:\Windows\system32;C:\Windows;C:\Windows\System32\Wbem;C:\Windows\System32\WindowsPowerShell\v1.0\;c:\Program Files\Microsoft SQL Server\100\Tools\Binn\;c:\Program Files\Microsoft SQL Server\100\DTS\Binn\;C:\Program Files\Common Files\Thunder Network\KanKan\Codecs;C:\Program Files\Common Files\Symbian\tools;C:\Program Files\CSL Arm Toolchain\bin;C:\Program Files\Microsoft Windows Performance Toolkit\;C:\Program Files\Microsoft ASP.NET\ASP.NET Web Pages\v1.0\;C:\springsource\maven-2.2.1.RELEASE\bin;C:\Program Files\Java\jdk1.6.0_24\bin;C:\springsource\spring-roo-1.1.5.RELEASE\bin;C:\Program Files\TortoiseSVN\bin;C:\springsource\grails-1.3.7\bin;C:\Program Files\Mercurial\;C:\Program Files\TortoiseHg\;C:\Program Files\TortoiseGit\bin;D:\play-1.2.1;C:\Program Files\MySQL\MySQL Server 5.5\bin;C:\apache-ant-1.8.2\bin;C:\Program Files\QuickTime\QTSystem\;C:\Program Files\SSH Communications Security\SSH Secure Shell;C:\Program Files\Google\google_appengine\"/>
    <property name="surefire.test.class.path" value="C:\Users\idor\Documents\workspace\HibernateGenericDaoTools\target\test-classes;C:\Users\idor\Documents\workspace\HibernateGenericDaoTools\target\classes;C:\Users\idor\.m2\repository\log4j\log4j\1.2.16\log4j-1.2.16.jar;C:\Users\idor\.m2\repository\junit\junit\4.8.2\junit-4.8.2.jar;C:\Users\idor\.m2\repository\org\freemarker\freemarker\2.3.18\freemarker-2.3.18.jar;"/>
    <property name="java.specification.name" value="Java Platform API Specification"/>
    <property name="java.class.version" value="50.0"/>
    <property name="sun.management.compiler" value="HotSpot Client Compiler"/>
    <property name="os.version" value="6.1"/>
    <property name="user.home" value="C:\Users\idor"/>
    <property name="user.timezone" value="Asia/Shanghai"/>
    <property name="java.awt.printerjob" value="sun.awt.windows.WPrinterJob"/>
    <property name="java.specification.version" value="1.6"/>
    <property name="file.encoding" value="GBK"/>
    <property name="user.name" value="idor"/>
    <property name="java.class.path" value="C:\Users\idor\Documents\workspace\HibernateGenericDaoTools\target\test-classes;C:\Users\idor\Documents\workspace\HibernateGenericDaoTools\target\classes;C:\Users\idor\.m2\repository\log4j\log4j\1.2.16\log4j-1.2.16.jar;C:\Users\idor\.m2\repository\junit\junit\4.8.2\junit-4.8.2.jar;C:\Users\idor\.m2\repository\org\freemarker\freemarker\2.3.18\freemarker-2.3.18.jar;"/>
    <property name="java.vm.specification.version" value="1.0"/>
    <property name="sun.arch.data.model" value="32"/>
    <property name="java.home" value="C:\Program Files\Java\jdk1.6.0_24\jre"/>
    <property name="java.specification.vendor" value="Sun Microsystems Inc."/>
    <property name="user.language" value="zh"/>
    <property name="awt.toolkit" value="sun.awt.windows.WToolkit"/>
    <property name="java.vm.info" value="mixed mode, sharing"/>
    <property name="java.version" value="1.6.0_24"/>
    <property name="java.ext.dirs" value="C:\Program Files\Java\jdk1.6.0_24\jre\lib\ext;C:\Windows\Sun\Java\lib\ext"/>
    <property name="sun.boot.class.path" value="C:\Program Files\Java\jdk1.6.0_24\jre\lib\resources.jar;C:\Program Files\Java\jdk1.6.0_24\jre\lib\rt.jar;C:\Program Files\Java\jdk1.6.0_24\jre\lib\sunrsasign.jar;C:\Program Files\Java\jdk1.6.0_24\jre\lib\jsse.jar;C:\Program Files\Java\jdk1.6.0_24\jre\lib\jce.jar;C:\Program Files\Java\jdk1.6.0_24\jre\lib\charsets.jar;C:\Program Files\Java\jdk1.6.0_24\jre\lib\modules\jdk.boot.jar;C:\Program Files\Java\jdk1.6.0_24\jre\classes"/>
    <property name="java.vendor" value="Sun Microsystems Inc."/>
    <property name="localRepository" value="C:\Users\idor\.m2\repository"/>
    <property name="file.separator" value="\"/>
    <property name="java.vendor.url.bug" value="http://java.sun.com/cgi-bin/bugreport.cgi"/>
    <property name="sun.cpu.endian" value="little"/>
    <property name="sun.io.unicode.encoding" value="UnicodeLittle"/>
    <property name="sun.desktop" value="windows"/>
    <property name="sun.cpu.isalist" value="pentium_pro+mmx pentium_pro pentium+mmx pentium i486 i386 i86"/>
  </properties>
  <testcase time="0.005" classname="com.ijqg.test.TestHibernateTool" name="testMatch"/>
  <testcase time="0.88" classname="com.ijqg.test.TestHibernateTool" name="testCreate"/>
</testsuite>